<?xml version="1.0" encoding="UTF-8" ?>
<testsuite tests="7" failures="0" name="es.deusto.junit.server.ServerTest" time="0.294" errors="0" skipped="0">
  <properties>
[...]
</properties>
  <testcase classname="es.deusto.junit.server.ServerTest" name="testOrganizerSignup" time="0.013"/>
  <testcase classname="es.deusto.junit.server.ServerTest" name="testOrganizerUpdate" time="0.034"/>
  <testcase classname="es.deusto.junit.server.ServerTest" name="testNormalSignup" time="0.023"/>
  <testcase classname="es.deusto.junit.server.ServerTest" name="testNormalUpdate" time="0.04"/>
  <testcase classname="es.deusto.junit.server.ServerTest" name="testCreateEvent" time="0.088"/>
  <testcase classname="es.deusto.junit.server.ServerTest" name="testCreatePost" time="0.088"/>
  <testcase classname="es.deusto.junit.server.ServerTest" name="testOrganizerLogin" time="0.008"/>
</testsuite>